Abort(610865679) on node 3 (rank 3 in comm 0): Fatal error in internal_Allgather: Other MPI error, error stack:
internal_Allgather(133)......................: MPI_Allgather(sendbuf=0x82a388, sendcount=3, MPI_DOUBLE, recvbuf=0x82b240, recvcount=3, MPI_DOUBLE, MPI_COMM_WORLD) failed
MPID_Allgather(645)..........................: 
MPIDI_Allgather_allcomm_composition_json(586): 
MPIDI_Allgather_intra_composition_beta(1236).: 
MPIDI_NM_mpi_allgather(83)...................: 
MPIR_Allgather_impl(2176)....................: 
MPIR_Allgather_allcomm_auto(2112)............: 
MPIR_Allgather_intra_brucks(78)..............: 
(unknown)(): Other MPI error
srun: Job 11047 step creation temporarily disabled, retrying (Requested nodes are busy)
srun: Step created for job 11047
Abort(73994767) on node 1 (rank 1 in comm 0): Fatal error in internal_Allgather: Other MPI error, error stack:
internal_Allgather(133)......................: MPI_Allgather(sendbuf=0xc68b40, sendcount=2, MPI_DOUBLE, recvbuf=0xc68aa0, recvcount=2, MPI_DOUBLE, MPI_COMM_WORLD) failed
MPID_Allgather(645)..........................: 
MPIDI_Allgather_allcomm_composition_json(586): 
MPIDI_Allgather_intra_composition_beta(1236).: 
MPIDI_NM_mpi_allgather(83)...................: 
MPIR_Allgather_impl(2176)....................: 
MPIR_Allgather_allcomm_auto(2112)............: 
MPIR_Allgather_intra_brucks(102).............: 
(unknown)(): Other MPI error
Abort(879301135) on node 3 (rank 3 in comm 0): Fatal error in internal_Allgather: Other MPI error, error stack:
internal_Allgather(133)......................: MPI_Allgather(sendbuf=0x1d98b60, sendcount=2, MPI_DOUBLE, recvbuf=0x1d98aa0, recvcount=2, MPI_DOUBLE, MPI_COMM_WORLD) failed
MPID_Allgather(645)..........................: 
MPIDI_Allgather_allcomm_composition_json(586): 
MPIDI_Allgather_intra_composition_beta(1236).: 
MPIDI_NM_mpi_allgather(83)...................: 
MPIR_Allgather_impl(2176)....................: 
MPIR_Allgather_allcomm_auto(2112)............: 
MPIR_Allgather_intra_brucks(102).............: 
(unknown)(): Other MPI error
INTERNAL ERROR: invalid error code 30a20e (Ring ids do not match) in MPIR_Allgather_allcomm_auto:2112
Abort(276369935) on node 5 (rank 5 in comm 0): Fatal error in internal_Allgather: Other MPI error, error stack:
internal_Allgather(133)......................: MPI_Allgather(sendbuf=0x1338b58, sendcount=1, MPI_DOUBLE, recvbuf=0x1338aa0, recvcount=1, MPI_DOUBLE, MPI_COMM_WORLD) failed
MPID_Allgather(645)..........................: 
MPIDI_Allgather_allcomm_composition_json(586): 
MPIDI_Allgather_intra_composition_beta(1236).: 
MPIDI_NM_mpi_allgather(83)...................: 
MPIR_Allgather_impl(2176)....................: 
MPIR_Allgather_allcomm_auto(2112)............: 
INTERNAL ERROR: invalid error code 30a20e (Ring ids do not match) in MPIR_Allgather_allcomm_auto:2112
Abort(142676495) on node 9 (rank 9 in comm 0): Fatal error in internal_Allgather: Other MPI error, error stack:
internal_Allgather(133)......................: MPI_Allgather(sendbuf=0x19abb78, sendcount=1, MPI_DOUBLE, recvbuf=0x19abaa0, recvcount=1, MPI_DOUBLE, MPI_COMM_WORLD) failed
MPID_Allgather(645)..........................: 
MPIDI_Allgather_allcomm_composition_json(586): 
MPIDI_Allgather_intra_composition_beta(1236).: 
MPIDI_NM_mpi_allgather(83)...................: 
MPIR_Allgather_impl(2176)....................: 
MPIR_Allgather_allcomm_auto(2112)............: 
srun: Job 11047 step creation temporarily disabled, retrying (Requested nodes are busy)
srun: Step created for job 11047
